/home/arthur/ChuaFinitePrecision/ChuaFinitePrecision/solution1/.autopilot/db/topfunc.pp.0.cpp:1336:7: warning: Added loop label VITIS_LOOP_1213_1:   [xilinx-label-all-loops]
      for (i = 0; i < __N - 1; ++i) {
      ^~~
      VITIS_LOOP_1213_1: 
/home/arthur/ChuaFinitePrecision/ChuaFinitePrecision/solution1/.autopilot/db/topfunc.pp.0.cpp:1336:7: note: FIX-IT applied suggested code changes
/home/arthur/ChuaFinitePrecision/ChuaFinitePrecision/solution1/.autopilot/db/topfunc.pp.0.cpp:2310:5: warning: Added loop label VITIS_LOOP_676_1:   [xilinx-label-all-loops]
    for (unsigned i = low; i != high; ++i) {
    ^~~
    VITIS_LOOP_676_1: 
/home/arthur/ChuaFinitePrecision/ChuaFinitePrecision/solution1/.autopilot/db/topfunc.pp.0.cpp:2310:5: note: FIX-IT applied suggested code changes
/home/arthur/ChuaFinitePrecision/ChuaFinitePrecision/solution1/.autopilot/db/topfunc.pp.0.cpp:2324:5: warning: Added loop label VITIS_LOOP_690_1:   [xilinx-label-all-loops]
    for (unsigned i = low; i != high; ++i) {
    ^~~
    VITIS_LOOP_690_1: 
/home/arthur/ChuaFinitePrecision/ChuaFinitePrecision/solution1/.autopilot/db/topfunc.pp.0.cpp:2324:5: note: FIX-IT applied suggested code changes
/home/arthur/ChuaFinitePrecision/ChuaFinitePrecision/solution1/.autopilot/db/topfunc.pp.0.cpp:2338:5: warning: Added loop label VITIS_LOOP_704_1:   [xilinx-label-all-loops]
    for (unsigned i = low; i != high; ++i) {
    ^~~
    VITIS_LOOP_704_1: 
/home/arthur/ChuaFinitePrecision/ChuaFinitePrecision/solution1/.autopilot/db/topfunc.pp.0.cpp:2338:5: note: FIX-IT applied suggested code changes
/home/arthur/ChuaFinitePrecision/ChuaFinitePrecision/solution1/.autopilot/db/topfunc.pp.0.cpp:3937:7: warning: Added loop label VITIS_LOOP_1247_1:   [xilinx-label-all-loops]
      for (i = 0; i < __N - 1; ++i) {
      ^~~
      VITIS_LOOP_1247_1: 
/home/arthur/ChuaFinitePrecision/ChuaFinitePrecision/solution1/.autopilot/db/topfunc.pp.0.cpp:3937:7: note: FIX-IT applied suggested code changes
/home/arthur/ChuaFinitePrecision/ChuaFinitePrecision/solution1/.autopilot/db/topfunc.pp.0.cpp:15672:72: error: Invalid Directive: for current device, ROM_1P + LUTRAM is invalid combination for BIND_STORAGE's option 'type + impl' [clang-diagnostic-error]
#pragma HLS BIND_STORAGE variable=fourth_order_double::sin_cos_K0 type=ROM_1P impl=LUTRAM
                                                                       ^
/home/arthur/ChuaFinitePrecision/ChuaFinitePrecision/solution1/.autopilot/db/topfunc.pp.0.cpp:15673:72: error: Invalid Directive: for current device, ROM_1P + LUTRAM is invalid combination for BIND_STORAGE's option 'type + impl' [clang-diagnostic-error]
#pragma HLS BIND_STORAGE variable=fourth_order_double::sin_cos_K1 type=ROM_1P impl=LUTRAM
                                                                       ^
/home/arthur/ChuaFinitePrecision/ChuaFinitePrecision/solution1/.autopilot/db/topfunc.pp.0.cpp:15674:72: error: Invalid Directive: for current device, ROM_1P + LUTRAM is invalid combination for BIND_STORAGE's option 'type + impl' [clang-diagnostic-error]
#pragma HLS BIND_STORAGE variable=fourth_order_double::sin_cos_K2 type=ROM_1P impl=LUTRAM
                                                                       ^
/home/arthur/ChuaFinitePrecision/ChuaFinitePrecision/solution1/.autopilot/db/topfunc.pp.0.cpp:15675:72: error: Invalid Directive: for current device, ROM_1P + LUTRAM is invalid combination for BIND_STORAGE's option 'type + impl' [clang-diagnostic-error]
#pragma HLS BIND_STORAGE variable=fourth_order_double::sin_cos_K3 type=ROM_1P impl=LUTRAM
                                                                       ^
/home/arthur/ChuaFinitePrecision/ChuaFinitePrecision/solution1/.autopilot/db/topfunc.pp.0.cpp:15676:72: error: Invalid Directive: for current device, ROM_1P + LUTRAM is invalid combination for BIND_STORAGE's option 'type + impl' [clang-diagnostic-error]
#pragma HLS BIND_STORAGE variable=fourth_order_double::sin_cos_K4 type=ROM_1P impl=LUTRAM
                                                                       ^
/home/arthur/ChuaFinitePrecision/ChuaFinitePrecision/solution1/.autopilot/db/topfunc.pp.0.cpp:15706:68: error: Invalid Directive: for current device, ROM_1P + LUTRAM is invalid combination for BIND_STORAGE's option 'type + impl' [clang-diagnostic-error]
#pragma HLS BIND_STORAGE variable=fourth_order_double::cos_K0 type=ROM_1P impl=LUTRAM
                                                                   ^
/home/arthur/ChuaFinitePrecision/ChuaFinitePrecision/solution1/.autopilot/db/topfunc.pp.0.cpp:15707:68: error: Invalid Directive: for current device, ROM_1P + LUTRAM is invalid combination for BIND_STORAGE's option 'type + impl' [clang-diagnostic-error]
#pragma HLS BIND_STORAGE variable=fourth_order_double::cos_K1 type=ROM_1P impl=LUTRAM
                                                                   ^
/home/arthur/ChuaFinitePrecision/ChuaFinitePrecision/solution1/.autopilot/db/topfunc.pp.0.cpp:15708:68: error: Invalid Directive: for current device, ROM_1P + LUTRAM is invalid combination for BIND_STORAGE's option 'type + impl' [clang-diagnostic-error]
#pragma HLS BIND_STORAGE variable=fourth_order_double::cos_K2 type=ROM_1P impl=LUTRAM
                                                                   ^
/home/arthur/ChuaFinitePrecision/ChuaFinitePrecision/solution1/.autopilot/db/topfunc.pp.0.cpp:15709:68: error: Invalid Directive: for current device, ROM_1P + LUTRAM is invalid combination for BIND_STORAGE's option 'type + impl' [clang-diagnostic-error]
#pragma HLS BIND_STORAGE variable=fourth_order_double::cos_K3 type=ROM_1P impl=LUTRAM
                                                                   ^
/home/arthur/ChuaFinitePrecision/ChuaFinitePrecision/solution1/.autopilot/db/topfunc.pp.0.cpp:15710:68: error: Invalid Directive: for current device, ROM_1P + LUTRAM is invalid combination for BIND_STORAGE's option 'type + impl' [clang-diagnostic-error]
#pragma HLS BIND_STORAGE variable=fourth_order_double::cos_K4 type=ROM_1P impl=LUTRAM
                                                                   ^
/home/arthur/ChuaFinitePrecision/ChuaFinitePrecision/solution1/.autopilot/db/topfunc.pp.0.cpp:15711:68: error: Invalid Directive: for current device, ROM_1P + LUTRAM is invalid combination for BIND_STORAGE's option 'type + impl' [clang-diagnostic-error]
#pragma HLS BIND_STORAGE variable=fourth_order_double::sin_K0 type=ROM_1P impl=LUTRAM
                                                                   ^
/home/arthur/ChuaFinitePrecision/ChuaFinitePrecision/solution1/.autopilot/db/topfunc.pp.0.cpp:15712:68: error: Invalid Directive: for current device, ROM_1P + LUTRAM is invalid combination for BIND_STORAGE's option 'type + impl' [clang-diagnostic-error]
#pragma HLS BIND_STORAGE variable=fourth_order_double::sin_K1 type=ROM_1P impl=LUTRAM
                                                                   ^
/home/arthur/ChuaFinitePrecision/ChuaFinitePrecision/solution1/.autopilot/db/topfunc.pp.0.cpp:15713:68: error: Invalid Directive: for current device, ROM_1P + LUTRAM is invalid combination for BIND_STORAGE's option 'type + impl' [clang-diagnostic-error]
#pragma HLS BIND_STORAGE variable=fourth_order_double::sin_K2 type=ROM_1P impl=LUTRAM
                                                                   ^
/home/arthur/ChuaFinitePrecision/ChuaFinitePrecision/solution1/.autopilot/db/topfunc.pp.0.cpp:15714:68: error: Invalid Directive: for current device, ROM_1P + LUTRAM is invalid combination for BIND_STORAGE's option 'type + impl' [clang-diagnostic-error]
#pragma HLS BIND_STORAGE variable=fourth_order_double::sin_K3 type=ROM_1P impl=LUTRAM
                                                                   ^
/home/arthur/ChuaFinitePrecision/ChuaFinitePrecision/solution1/.autopilot/db/topfunc.pp.0.cpp:15715:68: error: Invalid Directive: for current device, ROM_1P + LUTRAM is invalid combination for BIND_STORAGE's option 'type + impl' [clang-diagnostic-error]
#pragma HLS BIND_STORAGE variable=fourth_order_double::sin_K4 type=ROM_1P impl=LUTRAM
                                                                   ^
/home/arthur/ChuaFinitePrecision/ChuaFinitePrecision/solution1/.autopilot/db/topfunc.pp.0.cpp:15765:71: error: Invalid Directive: for current device, ROM_1P + LUTRAM is invalid combination for BIND_STORAGE's option 'type + impl' [clang-diagnostic-error]
#pragma HLS BIND_STORAGE variable=second_order_float::sin_cos_K0 type=ROM_1P impl=LUTRAM
                                                                      ^
/home/arthur/ChuaFinitePrecision/ChuaFinitePrecision/solution1/.autopilot/db/topfunc.pp.0.cpp:15766:71: error: Invalid Directive: for current device, ROM_1P + LUTRAM is invalid combination for BIND_STORAGE's option 'type + impl' [clang-diagnostic-error]
#pragma HLS BIND_STORAGE variable=second_order_float::sin_cos_K1 type=ROM_1P impl=LUTRAM
                                                                      ^
/home/arthur/ChuaFinitePrecision/ChuaFinitePrecision/solution1/.autopilot/db/topfunc.pp.0.cpp:15767:71: error: Invalid Directive: for current device, ROM_1P + LUTRAM is invalid combination for BIND_STORAGE's option 'type + impl' [clang-diagnostic-error]
#pragma HLS BIND_STORAGE variable=second_order_float::sin_cos_K2 type=ROM_1P impl=LUTRAM
                                                                      ^
/home/arthur/ChuaFinitePrecision/ChuaFinitePrecision/solution1/.autopilot/db/topfunc.pp.0.cpp:15794:67: error: Invalid Directive: for current device, ROM_1P + LUTRAM is invalid combination for BIND_STORAGE's option 'type + impl' [clang-diagnostic-error]
#pragma HLS BIND_STORAGE variable=second_order_float::cos_K0 type=ROM_1P impl=LUTRAM
                                                                  ^
/home/arthur/ChuaFinitePrecision/ChuaFinitePrecision/solution1/.autopilot/db/topfunc.pp.0.cpp:15795:67: error: Invalid Directive: for current device, ROM_1P + LUTRAM is invalid combination for BIND_STORAGE's option 'type + impl' [clang-diagnostic-error]
#pragma HLS BIND_STORAGE variable=second_order_float::cos_K1 type=ROM_1P impl=LUTRAM
                                                                  ^
/home/arthur/ChuaFinitePrecision/ChuaFinitePrecision/solution1/.autopilot/db/topfunc.pp.0.cpp:15796:67: error: Invalid Directive: for current device, ROM_1P + LUTRAM is invalid combination for BIND_STORAGE's option 'type + impl' [clang-diagnostic-error]
#pragma HLS BIND_STORAGE variable=second_order_float::cos_K2 type=ROM_1P impl=LUTRAM
                                                                  ^
/home/arthur/ChuaFinitePrecision/ChuaFinitePrecision/solution1/.autopilot/db/topfunc.pp.0.cpp:15797:67: error: Invalid Directive: for current device, ROM_1P + LUTRAM is invalid combination for BIND_STORAGE's option 'type + impl' [clang-diagnostic-error]
#pragma HLS BIND_STORAGE variable=second_order_float::sin_K0 type=ROM_1P impl=LUTRAM
                                                                  ^
/home/arthur/ChuaFinitePrecision/ChuaFinitePrecision/solution1/.autopilot/db/topfunc.pp.0.cpp:15798:67: error: Invalid Directive: for current device, ROM_1P + LUTRAM is invalid combination for BIND_STORAGE's option 'type + impl' [clang-diagnostic-error]
#pragma HLS BIND_STORAGE variable=second_order_float::sin_K1 type=ROM_1P impl=LUTRAM
                                                                  ^
/home/arthur/ChuaFinitePrecision/ChuaFinitePrecision/solution1/.autopilot/db/topfunc.pp.0.cpp:15799:67: error: Invalid Directive: for current device, ROM_1P + LUTRAM is invalid combination for BIND_STORAGE's option 'type + impl' [clang-diagnostic-error]
#pragma HLS BIND_STORAGE variable=second_order_float::sin_K2 type=ROM_1P impl=LUTRAM
                                                                  ^
/home/arthur/ChuaFinitePrecision/ChuaFinitePrecision/solution1/.autopilot/db/topfunc.pp.0.cpp:15835:73: error: Invalid Directive: for current device, ROM_1P + LUTRAM is invalid combination for BIND_STORAGE's option 'type + impl' [clang-diagnostic-error]
#pragma HLS BIND_STORAGE variable=first_order_fixed_16::sin_cos_K0 type=ROM_1P impl=LUTRAM
                                                                        ^
/home/arthur/ChuaFinitePrecision/ChuaFinitePrecision/solution1/.autopilot/db/topfunc.pp.0.cpp:15836:73: error: Invalid Directive: for current device, ROM_1P + LUTRAM is invalid combination for BIND_STORAGE's option 'type + impl' [clang-diagnostic-error]
#pragma HLS BIND_STORAGE variable=first_order_fixed_16::sin_cos_K1 type=ROM_1P impl=LUTRAM
                                                                        ^
/home/arthur/ChuaFinitePrecision/ChuaFinitePrecision/solution1/.autopilot/db/topfunc.pp.0.cpp:16110:5: warning: Added loop label VITIS_LOOP_87_1:   [xilinx-label-all-loops]
    for (int n=0; n<Nmax; n++){
    ^~~
    VITIS_LOOP_87_1: 
/home/arthur/ChuaFinitePrecision/ChuaFinitePrecision/solution1/.autopilot/db/topfunc.pp.0.cpp:16110:5: note: FIX-IT applied suggested code changes
/home/arthur/ChuaFinitePrecision/ChuaFinitePrecision/solution1/.autopilot/db/topfunc.pp.0.cpp:16156:5: warning: Added loop label VITIS_LOOP_143_1:   [xilinx-label-all-loops]
    for (int n=0; n<Nmax; n++){
    ^~~
    VITIS_LOOP_143_1: 
/home/arthur/ChuaFinitePrecision/ChuaFinitePrecision/solution1/.autopilot/db/topfunc.pp.0.cpp:16156:5: note: FIX-IT applied suggested code changes
/home/arthur/ChuaFinitePrecision/ChuaFinitePrecision/solution1/.autopilot/db/topfunc.pp.0.cpp:16319:9: warning: Added loop label VITIS_LOOP_315_1:   [xilinx-label-all-loops]
        for(int i=0;i<W-1;i++){
        ^~~
        VITIS_LOOP_315_1: 
/home/arthur/ChuaFinitePrecision/ChuaFinitePrecision/solution1/.autopilot/db/topfunc.pp.0.cpp:16319:9: note: FIX-IT applied suggested code changes
/home/arthur/ChuaFinitePrecision/ChuaFinitePrecision/solution1/.autopilot/db/topfunc.pp.0.cpp:16471:9: warning: Added loop label VITIS_LOOP_475_1:   [xilinx-label-all-loops]
        for(int i=0;i<W-1;i++){
        ^~~
        VITIS_LOOP_475_1: 
/home/arthur/ChuaFinitePrecision/ChuaFinitePrecision/solution1/.autopilot/db/topfunc.pp.0.cpp:16471:9: note: FIX-IT applied suggested code changes
/home/arthur/ChuaFinitePrecision/ChuaFinitePrecision/solution1/.autopilot/db/topfunc.pp.0.cpp:16651:5: warning: Added loop label VITIS_LOOP_655_1:   [xilinx-label-all-loops]
    for(int i=0;i<W+1;i++){
    ^~~
    VITIS_LOOP_655_1: 
/home/arthur/ChuaFinitePrecision/ChuaFinitePrecision/solution1/.autopilot/db/topfunc.pp.0.cpp:16651:5: note: FIX-IT applied suggested code changes
/home/arthur/ChuaFinitePrecision/ChuaFinitePrecision/solution1/.autopilot/db/topfunc.pp.0.cpp:16655:5: warning: Added loop label VITIS_LOOP_659_2:   [xilinx-label-all-loops]
    for(int i=0;i<W+1;i++){
    ^~~
    VITIS_LOOP_659_2: 
/home/arthur/ChuaFinitePrecision/ChuaFinitePrecision/solution1/.autopilot/db/topfunc.pp.0.cpp:16655:5: note: FIX-IT applied suggested code changes
/home/arthur/ChuaFinitePrecision/ChuaFinitePrecision/solution1/.autopilot/db/topfunc.pp.0.cpp:16765:5: warning: Added loop label VITIS_LOOP_769_1:   [xilinx-label-all-loops]
    for (int n=0; n<Nmax; n++){
    ^~~
    VITIS_LOOP_769_1: 
/home/arthur/ChuaFinitePrecision/ChuaFinitePrecision/solution1/.autopilot/db/topfunc.pp.0.cpp:16765:5: note: FIX-IT applied suggested code changes
/home/arthur/ChuaFinitePrecision/ChuaFinitePrecision/solution1/.autopilot/db/topfunc.pp.0.cpp:16855:7: warning: Added loop label VITIS_LOOP_866_1:   [xilinx-label-all-loops]
      for(int i=0;i<W-1;i++){
      ^~~
      VITIS_LOOP_866_1: 
/home/arthur/ChuaFinitePrecision/ChuaFinitePrecision/solution1/.autopilot/db/topfunc.pp.0.cpp:16855:7: note: FIX-IT applied suggested code changes
/home/arthur/ChuaFinitePrecision/ChuaFinitePrecision/solution1/.autopilot/db/topfunc.pp.0.cpp:16874:7: warning: Added loop label VITIS_LOOP_885_2:   [xilinx-label-all-loops]
      for(int i=0;i<W-1;i++){
      ^~~
      VITIS_LOOP_885_2: 
/home/arthur/ChuaFinitePrecision/ChuaFinitePrecision/solution1/.autopilot/db/topfunc.pp.0.cpp:16874:7: note: FIX-IT applied suggested code changes
/home/arthur/ChuaFinitePrecision/ChuaFinitePrecision/solution1/.autopilot/db/topfunc.pp.0.cpp:17164:5: warning: Added loop label VITIS_LOOP_1199_1:   [xilinx-label-all-loops]
    for(int i=0; i<Nmax; i++) {
    ^~~
    VITIS_LOOP_1199_1: 
/home/arthur/ChuaFinitePrecision/ChuaFinitePrecision/solution1/.autopilot/db/topfunc.pp.0.cpp:17164:5: note: FIX-IT applied suggested code changes
/home/arthur/ChuaFinitePrecision/ChuaFinitePrecision/solution1/.autopilot/db/topfunc.pp.0.cpp:17247:5: warning: Added loop label VITIS_LOOP_1282_1:   [xilinx-label-all-loops]
    for(int i=0; i<Nmax; i++) {
    ^~~
    VITIS_LOOP_1282_1: 
/home/arthur/ChuaFinitePrecision/ChuaFinitePrecision/solution1/.autopilot/db/topfunc.pp.0.cpp:17247:5: note: FIX-IT applied suggested code changes
/home/arthur/ChuaFinitePrecision/ChuaFinitePrecision/solution1/.autopilot/db/topfunc.pp.0.cpp:17653:13: warning: Added loop label VITIS_LOOP_94_1:   [xilinx-label-all-loops]
            for (int j = 3; j >= I_+1; j--) {
            ^~~
            VITIS_LOOP_94_1: 
/home/arthur/ChuaFinitePrecision/ChuaFinitePrecision/solution1/.autopilot/db/topfunc.pp.0.cpp:17653:13: note: FIX-IT applied suggested code changes
/home/arthur/ChuaFinitePrecision/ChuaFinitePrecision/solution1/.autopilot/db/topfunc.pp.0.cpp:17659:17: warning: Added loop label VITIS_LOOP_100_2:   [xilinx-label-all-loops]
                for (int j = 3; j >= I_+1; j--){
                ^~~
                VITIS_LOOP_100_2: 
/home/arthur/ChuaFinitePrecision/ChuaFinitePrecision/solution1/.autopilot/db/topfunc.pp.0.cpp:17659:17: note: FIX-IT applied suggested code changes
/home/arthur/ChuaFinitePrecision/ChuaFinitePrecision/solution1/.autopilot/db/topfunc.pp.0.cpp:17663:17: warning: Added loop label VITIS_LOOP_104_3:   [xilinx-label-all-loops]
                for (int j = I_; j >= 0; j--){
                ^~~
                VITIS_LOOP_104_3: 
/home/arthur/ChuaFinitePrecision/ChuaFinitePrecision/solution1/.autopilot/db/topfunc.pp.0.cpp:17663:17: note: FIX-IT applied suggested code changes
/home/arthur/ChuaFinitePrecision/ChuaFinitePrecision/solution1/.autopilot/db/topfunc.pp.0.cpp:17711:13: warning: Added loop label VITIS_LOOP_171_4:   [xilinx-label-all-loops]
            for (int j = 9; j >= I_+4; j--) {
            ^~~
            VITIS_LOOP_171_4: 
/home/arthur/ChuaFinitePrecision/ChuaFinitePrecision/solution1/.autopilot/db/topfunc.pp.0.cpp:17711:13: note: FIX-IT applied suggested code changes
/home/arthur/ChuaFinitePrecision/ChuaFinitePrecision/solution1/.autopilot/db/topfunc.pp.0.cpp:17717:17: warning: Added loop label VITIS_LOOP_177_5:   [xilinx-label-all-loops]
                for (int j = 9; j >= I_+4; j--){
                ^~~
                VITIS_LOOP_177_5: 
/home/arthur/ChuaFinitePrecision/ChuaFinitePrecision/solution1/.autopilot/db/topfunc.pp.0.cpp:17717:17: note: FIX-IT applied suggested code changes
/home/arthur/ChuaFinitePrecision/ChuaFinitePrecision/solution1/.autopilot/db/topfunc.pp.0.cpp:17721:17: warning: Added loop label VITIS_LOOP_181_6:   [xilinx-label-all-loops]
                for (int j = I_+3; j >= 0; j--){
                ^~~
                VITIS_LOOP_181_6: 
/home/arthur/ChuaFinitePrecision/ChuaFinitePrecision/solution1/.autopilot/db/topfunc.pp.0.cpp:17721:17: note: FIX-IT applied suggested code changes
/home/arthur/ChuaFinitePrecision/ChuaFinitePrecision/solution1/.autopilot/db/topfunc.pp.0.cpp:17736:9: warning: Added loop label VITIS_LOOP_196_7:   [xilinx-label-all-loops]
        for (int j = 14; j < 22; j++){
        ^~~
        VITIS_LOOP_196_7: 
/home/arthur/ChuaFinitePrecision/ChuaFinitePrecision/solution1/.autopilot/db/topfunc.pp.0.cpp:17736:9: note: FIX-IT applied suggested code changes
/home/arthur/ChuaFinitePrecision/ChuaFinitePrecision/solution1/.autopilot/db/topfunc.pp.0.cpp:17744:17: warning: Added loop label VITIS_LOOP_204_8:   [xilinx-label-all-loops]
                for (int j = 0; j < 22; j++){
                ^~~
                VITIS_LOOP_204_8: 
/home/arthur/ChuaFinitePrecision/ChuaFinitePrecision/solution1/.autopilot/db/topfunc.pp.0.cpp:17744:17: note: FIX-IT applied suggested code changes
/home/arthur/ChuaFinitePrecision/ChuaFinitePrecision/solution1/.autopilot/db/topfunc.pp.0.cpp:17809:13: warning: Added loop label VITIS_LOOP_269_9:   [xilinx-label-all-loops]
            for (int j = 21; j >= I_+10; j--) {
            ^~~
            VITIS_LOOP_269_9: 
/home/arthur/ChuaFinitePrecision/ChuaFinitePrecision/solution1/.autopilot/db/topfunc.pp.0.cpp:17809:13: note: FIX-IT applied suggested code changes
/home/arthur/ChuaFinitePrecision/ChuaFinitePrecision/solution1/.autopilot/db/topfunc.pp.0.cpp:17815:17: warning: Added loop label VITIS_LOOP_275_10:   [xilinx-label-all-loops]
                for (int j = 21; j >= I_+10; j--) {
                ^~~
                VITIS_LOOP_275_10: 
/home/arthur/ChuaFinitePrecision/ChuaFinitePrecision/solution1/.autopilot/db/topfunc.pp.0.cpp:17815:17: note: FIX-IT applied suggested code changes
/home/arthur/ChuaFinitePrecision/ChuaFinitePrecision/solution1/.autopilot/db/topfunc.pp.0.cpp:17819:17: warning: Added loop label VITIS_LOOP_279_11:   [xilinx-label-all-loops]
                for (int j = I_+9; j >= 0; j--) {
                ^~~
                VITIS_LOOP_279_11: 
/home/arthur/ChuaFinitePrecision/ChuaFinitePrecision/solution1/.autopilot/db/topfunc.pp.0.cpp:17819:17: note: FIX-IT applied suggested code changes
/home/arthur/ChuaFinitePrecision/ChuaFinitePrecision/solution1/.autopilot/db/topfunc.pp.0.cpp:17834:9: warning: Added loop label VITIS_LOOP_294_12:   [xilinx-label-all-loops]
        for (int j = 27; j < 46; j++){
        ^~~
        VITIS_LOOP_294_12: 
/home/arthur/ChuaFinitePrecision/ChuaFinitePrecision/solution1/.autopilot/db/topfunc.pp.0.cpp:17834:9: note: FIX-IT applied suggested code changes
/home/arthur/ChuaFinitePrecision/ChuaFinitePrecision/solution1/.autopilot/db/topfunc.pp.0.cpp:17842:17: warning: Added loop label VITIS_LOOP_302_13:   [xilinx-label-all-loops]
                for (int j = 0; j < 46; j++) {
                ^~~
                VITIS_LOOP_302_13: 
/home/arthur/ChuaFinitePrecision/ChuaFinitePrecision/solution1/.autopilot/db/topfunc.pp.0.cpp:17842:17: note: FIX-IT applied suggested code changes
/home/arthur/ChuaFinitePrecision/ChuaFinitePrecision/solution1/.autopilot/db/topfunc.pp.0.cpp:18071:13: warning: Added loop label VITIS_LOOP_531_14:   [xilinx-label-all-loops]
            for (int j = 45; j >= I_+22; j--) {
            ^~~
            VITIS_LOOP_531_14: 
/home/arthur/ChuaFinitePrecision/ChuaFinitePrecision/solution1/.autopilot/db/topfunc.pp.0.cpp:18071:13: note: FIX-IT applied suggested code changes
/home/arthur/ChuaFinitePrecision/ChuaFinitePrecision/solution1/.autopilot/db/topfunc.pp.0.cpp:18077:17: warning: Added loop label VITIS_LOOP_537_15:   [xilinx-label-all-loops]
                for (int j = 45; j >= I_+22; j--){
                ^~~
                VITIS_LOOP_537_15: 
/home/arthur/ChuaFinitePrecision/ChuaFinitePrecision/solution1/.autopilot/db/topfunc.pp.0.cpp:18077:17: note: FIX-IT applied suggested code changes
/home/arthur/ChuaFinitePrecision/ChuaFinitePrecision/solution1/.autopilot/db/topfunc.pp.0.cpp:18081:17: warning: Added loop label VITIS_LOOP_541_16:   [xilinx-label-all-loops]
                for (int j = I_+21; j >= 0; j--) {
                ^~~
                VITIS_LOOP_541_16: 
/home/arthur/ChuaFinitePrecision/ChuaFinitePrecision/solution1/.autopilot/db/topfunc.pp.0.cpp:18081:17: note: FIX-IT applied suggested code changes
/home/arthur/ChuaFinitePrecision/ChuaFinitePrecision/solution1/.autopilot/db/topfunc.pp.0.cpp:18091:9: warning: Added loop label VITIS_LOOP_551_17:   [xilinx-label-all-loops]
        for (int j = 32-F_; j < 32+I_; j++){
        ^~~
        VITIS_LOOP_551_17: 
/home/arthur/ChuaFinitePrecision/ChuaFinitePrecision/solution1/.autopilot/db/topfunc.pp.0.cpp:18091:9: note: FIX-IT applied suggested code changes
/home/arthur/ChuaFinitePrecision/ChuaFinitePrecision/solution1/.autopilot/db/topfunc.pp.0.cpp:18095:9: warning: Added loop label VITIS_LOOP_555_18:   [xilinx-label-all-loops]
        for (int j = 32+I_; j <= 64; j++){
        ^~~
        VITIS_LOOP_555_18: 
/home/arthur/ChuaFinitePrecision/ChuaFinitePrecision/solution1/.autopilot/db/topfunc.pp.0.cpp:18095:9: note: FIX-IT applied suggested code changes
/home/arthur/ChuaFinitePrecision/ChuaFinitePrecision/solution1/.autopilot/db/topfunc.pp.0.cpp:18105:9: warning: Added loop label VITIS_LOOP_565_19:   [xilinx-label-all-loops]
        for (int j = 37; j < 64; j++) {
        ^~~
        VITIS_LOOP_565_19: 
/home/arthur/ChuaFinitePrecision/ChuaFinitePrecision/solution1/.autopilot/db/topfunc.pp.0.cpp:18105:9: note: FIX-IT applied suggested code changes
/home/arthur/ChuaFinitePrecision/ChuaFinitePrecision/solution1/.autopilot/db/topfunc.pp.0.cpp:18113:17: warning: Added loop label VITIS_LOOP_573_20:   [xilinx-label-all-loops]
                for (int j = 0; j < 64; j++){
                ^~~
                VITIS_LOOP_573_20: 
/home/arthur/ChuaFinitePrecision/ChuaFinitePrecision/solution1/.autopilot/db/topfunc.pp.0.cpp:18113:17: note: FIX-IT applied suggested code changes
/home/arthur/ChuaFinitePrecision/ChuaFinitePrecision/solution1/.autopilot/db/topfunc.pp.0.cpp:18474:13: warning: Added loop label VITIS_LOOP_934_21:   [xilinx-label-all-loops]
            for (int j = 63; j >= I_+31; j--) {
            ^~~
            VITIS_LOOP_934_21: 
/home/arthur/ChuaFinitePrecision/ChuaFinitePrecision/solution1/.autopilot/db/topfunc.pp.0.cpp:18474:13: note: FIX-IT applied suggested code changes
/home/arthur/ChuaFinitePrecision/ChuaFinitePrecision/solution1/.autopilot/db/topfunc.pp.0.cpp:18480:17: warning: Added loop label VITIS_LOOP_940_22:   [xilinx-label-all-loops]
                for (int j = 63; j >= I_+31; j--) {
                ^~~
                VITIS_LOOP_940_22: 
/home/arthur/ChuaFinitePrecision/ChuaFinitePrecision/solution1/.autopilot/db/topfunc.pp.0.cpp:18480:17: note: FIX-IT applied suggested code changes
/home/arthur/ChuaFinitePrecision/ChuaFinitePrecision/solution1/.autopilot/db/topfunc.pp.0.cpp:18484:17: warning: Added loop label VITIS_LOOP_944_23:   [xilinx-label-all-loops]
                for (int j = I_+30; j >= 0; j--) {
                ^~~
                VITIS_LOOP_944_23: 
/home/arthur/ChuaFinitePrecision/ChuaFinitePrecision/solution1/.autopilot/db/topfunc.pp.0.cpp:18484:17: note: FIX-IT applied suggested code changes
/home/arthur/ChuaFinitePrecision/ChuaFinitePrecision/solution1/.autopilot/db/topfunc.pp.0.cpp:18600:13: warning: Added loop label VITIS_LOOP_1060_1:   [xilinx-label-all-loops]
            for (int j = 4; j >= I_+1; j--) {
            ^~~
            VITIS_LOOP_1060_1: 
/home/arthur/ChuaFinitePrecision/ChuaFinitePrecision/solution1/.autopilot/db/topfunc.pp.0.cpp:18600:13: note: FIX-IT applied suggested code changes
/home/arthur/ChuaFinitePrecision/ChuaFinitePrecision/solution1/.autopilot/db/topfunc.pp.0.cpp:18606:17: warning: Added loop label VITIS_LOOP_1066_2:   [xilinx-label-all-loops]
                for (int j = 4; j >= I_+1; j--) {
                ^~~
                VITIS_LOOP_1066_2: 
/home/arthur/ChuaFinitePrecision/ChuaFinitePrecision/solution1/.autopilot/db/topfunc.pp.0.cpp:18606:17: note: FIX-IT applied suggested code changes
/home/arthur/ChuaFinitePrecision/ChuaFinitePrecision/solution1/.autopilot/db/topfunc.pp.0.cpp:18610:17: warning: Added loop label VITIS_LOOP_1070_3:   [xilinx-label-all-loops]
                for (int j = I_; j >= 0; j--) {
                ^~~
                VITIS_LOOP_1070_3: 
/home/arthur/ChuaFinitePrecision/ChuaFinitePrecision/solution1/.autopilot/db/topfunc.pp.0.cpp:18610:17: note: FIX-IT applied suggested code changes
/home/arthur/ChuaFinitePrecision/ChuaFinitePrecision/solution1/.autopilot/db/topfunc.pp.0.cpp:18697:13: warning: Added loop label VITIS_LOOP_1157_4:   [xilinx-label-all-loops]
            for (int j = 10; j >= I_+4; j--) {
            ^~~
            VITIS_LOOP_1157_4: 
/home/arthur/ChuaFinitePrecision/ChuaFinitePrecision/solution1/.autopilot/db/topfunc.pp.0.cpp:18697:13: note: FIX-IT applied suggested code changes
/home/arthur/ChuaFinitePrecision/ChuaFinitePrecision/solution1/.autopilot/db/topfunc.pp.0.cpp:18703:17: warning: Added loop label VITIS_LOOP_1163_5:   [xilinx-label-all-loops]
                for (int j = 10; j >= I_+4; j--) {
                ^~~
                VITIS_LOOP_1163_5: 
/home/arthur/ChuaFinitePrecision/ChuaFinitePrecision/solution1/.autopilot/db/topfunc.pp.0.cpp:18703:17: note: FIX-IT applied suggested code changes
/home/arthur/ChuaFinitePrecision/ChuaFinitePrecision/solution1/.autopilot/db/topfunc.pp.0.cpp:18707:17: warning: Added loop label VITIS_LOOP_1167_6:   [xilinx-label-all-loops]
                for (int j = I_+3; j >= 0; j--) {
                ^~~
                VITIS_LOOP_1167_6: 
/home/arthur/ChuaFinitePrecision/ChuaFinitePrecision/solution1/.autopilot/db/topfunc.pp.0.cpp:18707:17: note: FIX-IT applied suggested code changes
/home/arthur/ChuaFinitePrecision/ChuaFinitePrecision/solution1/.autopilot/db/topfunc.pp.0.cpp:18726:9: warning: Added loop label VITIS_LOOP_1186_7:   [xilinx-label-all-loops]
        for (int j = wf+3; j < w-1; j++) {
        ^~~
        VITIS_LOOP_1186_7: 
/home/arthur/ChuaFinitePrecision/ChuaFinitePrecision/solution1/.autopilot/db/topfunc.pp.0.cpp:18726:9: note: FIX-IT applied suggested code changes
/home/arthur/ChuaFinitePrecision/ChuaFinitePrecision/solution1/.autopilot/db/topfunc.pp.0.cpp:18733:17: warning: Added loop label VITIS_LOOP_1193_8:   [xilinx-label-all-loops]
                for (int j = 0; j < 22; j++) {
                ^~~
                VITIS_LOOP_1193_8: 
/home/arthur/ChuaFinitePrecision/ChuaFinitePrecision/solution1/.autopilot/db/topfunc.pp.0.cpp:18733:17: note: FIX-IT applied suggested code changes
/home/arthur/ChuaFinitePrecision/ChuaFinitePrecision/solution1/.autopilot/db/topfunc.pp.0.cpp:18849:13: warning: Added loop label VITIS_LOOP_1309_9:   [xilinx-label-all-loops]
            for (int j = 22; j >= I_+10; j--) {
            ^~~
            VITIS_LOOP_1309_9: 
/home/arthur/ChuaFinitePrecision/ChuaFinitePrecision/solution1/.autopilot/db/topfunc.pp.0.cpp:18849:13: note: FIX-IT applied suggested code changes
/home/arthur/ChuaFinitePrecision/ChuaFinitePrecision/solution1/.autopilot/db/topfunc.pp.0.cpp:18855:17: warning: Added loop label VITIS_LOOP_1315_10:   [xilinx-label-all-loops]
                for (int j = 22; j >= I_+10; j--){
                ^~~
                VITIS_LOOP_1315_10: 
/home/arthur/ChuaFinitePrecision/ChuaFinitePrecision/solution1/.autopilot/db/topfunc.pp.0.cpp:18855:17: note: FIX-IT applied suggested code changes
/home/arthur/ChuaFinitePrecision/ChuaFinitePrecision/solution1/.autopilot/db/topfunc.pp.0.cpp:18859:17: warning: Added loop label VITIS_LOOP_1319_11:   [xilinx-label-all-loops]
                for (int j = I_+9; j >= 0; j--) {
                ^~~
                VITIS_LOOP_1319_11: 
/home/arthur/ChuaFinitePrecision/ChuaFinitePrecision/solution1/.autopilot/db/topfunc.pp.0.cpp:18859:17: note: FIX-IT applied suggested code changes
/home/arthur/ChuaFinitePrecision/ChuaFinitePrecision/solution1/.autopilot/db/topfunc.pp.0.cpp:18879:9: warning: Added loop label VITIS_LOOP_1339_12:   [xilinx-label-all-loops]
        for (int j = wf+4; j < w-1; j++){
        ^~~
        VITIS_LOOP_1339_12: 
/home/arthur/ChuaFinitePrecision/ChuaFinitePrecision/solution1/.autopilot/db/topfunc.pp.0.cpp:18879:9: note: FIX-IT applied suggested code changes
/home/arthur/ChuaFinitePrecision/ChuaFinitePrecision/solution1/.autopilot/db/topfunc.pp.0.cpp:18886:17: warning: Added loop label VITIS_LOOP_1346_13:   [xilinx-label-all-loops]
                for (int j = 0; j < 46; j++) {
                ^~~
                VITIS_LOOP_1346_13: 
/home/arthur/ChuaFinitePrecision/ChuaFinitePrecision/solution1/.autopilot/db/topfunc.pp.0.cpp:18886:17: note: FIX-IT applied suggested code changes
/home/arthur/ChuaFinitePrecision/ChuaFinitePrecision/solution1/.autopilot/db/topfunc.pp.0.cpp:19148:13: warning: Added loop label VITIS_LOOP_1608_14:   [xilinx-label-all-loops]
            for (int j = 46; j >= I_+22; j--) {
            ^~~
            VITIS_LOOP_1608_14: 
/home/arthur/ChuaFinitePrecision/ChuaFinitePrecision/solution1/.autopilot/db/topfunc.pp.0.cpp:19148:13: note: FIX-IT applied suggested code changes
/home/arthur/ChuaFinitePrecision/ChuaFinitePrecision/solution1/.autopilot/db/topfunc.pp.0.cpp:19154:17: warning: Added loop label VITIS_LOOP_1614_15:   [xilinx-label-all-loops]
                for (int j = 46; j >= I_+22; j--) {
                ^~~
                VITIS_LOOP_1614_15: 
/home/arthur/ChuaFinitePrecision/ChuaFinitePrecision/solution1/.autopilot/db/topfunc.pp.0.cpp:19154:17: note: FIX-IT applied suggested code changes
/home/arthur/ChuaFinitePrecision/ChuaFinitePrecision/solution1/.autopilot/db/topfunc.pp.0.cpp:19158:17: warning: Added loop label VITIS_LOOP_1618_16:   [xilinx-label-all-loops]
                for (int j = I_+21; j >= 0; j--) {
                ^~~
                VITIS_LOOP_1618_16: 
/home/arthur/ChuaFinitePrecision/ChuaFinitePrecision/solution1/.autopilot/db/topfunc.pp.0.cpp:19158:17: note: FIX-IT applied suggested code changes
/home/arthur/ChuaFinitePrecision/ChuaFinitePrecision/solution1/.autopilot/db/topfunc.pp.0.cpp:19182:9: warning: Added loop label VITIS_LOOP_1642_17:   [xilinx-label-all-loops]
        for (int j = wf+5; j < w-1; j++){
        ^~~
        VITIS_LOOP_1642_17: 
/home/arthur/ChuaFinitePrecision/ChuaFinitePrecision/solution1/.autopilot/db/topfunc.pp.0.cpp:19182:9: note: FIX-IT applied suggested code changes
/home/arthur/ChuaFinitePrecision/ChuaFinitePrecision/solution1/.autopilot/db/topfunc.pp.0.cpp:19189:17: warning: Added loop label VITIS_LOOP_1649_18:   [xilinx-label-all-loops]
                for (int j = 0; j < 64; j++) {
                ^~~
                VITIS_LOOP_1649_18: 
/home/arthur/ChuaFinitePrecision/ChuaFinitePrecision/solution1/.autopilot/db/topfunc.pp.0.cpp:19189:17: note: FIX-IT applied suggested code changes
/home/arthur/ChuaFinitePrecision/ChuaFinitePrecision/solution1/.autopilot/db/topfunc.pp.0.cpp:19619:13: warning: Added loop label VITIS_LOOP_2079_19:   [xilinx-label-all-loops]
            for (int j = 64; j >= I_+31; j--) {
            ^~~
            VITIS_LOOP_2079_19: 
/home/arthur/ChuaFinitePrecision/ChuaFinitePrecision/solution1/.autopilot/db/topfunc.pp.0.cpp:19619:13: note: FIX-IT applied suggested code changes
/home/arthur/ChuaFinitePrecision/ChuaFinitePrecision/solution1/.autopilot/db/topfunc.pp.0.cpp:19625:17: warning: Added loop label VITIS_LOOP_2085_20:   [xilinx-label-all-loops]
                for (int j = 64; j >= I_+31; j--) {
                ^~~
                VITIS_LOOP_2085_20: 
/home/arthur/ChuaFinitePrecision/ChuaFinitePrecision/solution1/.autopilot/db/topfunc.pp.0.cpp:19625:17: note: FIX-IT applied suggested code changes
/home/arthur/ChuaFinitePrecision/ChuaFinitePrecision/solution1/.autopilot/db/topfunc.pp.0.cpp:19629:17: warning: Added loop label VITIS_LOOP_2089_21:   [xilinx-label-all-loops]
                for (int j = I_+30; j >= 0; j--) {
                ^~~
                VITIS_LOOP_2089_21: 
/home/arthur/ChuaFinitePrecision/ChuaFinitePrecision/solution1/.autopilot/db/topfunc.pp.0.cpp:19629:17: note: FIX-IT applied suggested code changes
/home/arthur/ChuaFinitePrecision/ChuaFinitePrecision/solution1/.autopilot/db/topfunc.pp.0.cpp:19759:13: warning: Added loop label VITIS_LOOP_2219_1:   [xilinx-label-all-loops]
            for(int j=3; j>=I+1; j--) {
            ^~~
            VITIS_LOOP_2219_1: 
/home/arthur/ChuaFinitePrecision/ChuaFinitePrecision/solution1/.autopilot/db/topfunc.pp.0.cpp:19759:13: note: FIX-IT applied suggested code changes
/home/arthur/ChuaFinitePrecision/ChuaFinitePrecision/solution1/.autopilot/db/topfunc.pp.0.cpp:19766:17: warning: Added loop label VITIS_LOOP_2226_2:   [xilinx-label-all-loops]
                for(int j=3; j>=I+1; j--) {
                ^~~
                VITIS_LOOP_2226_2: 
/home/arthur/ChuaFinitePrecision/ChuaFinitePrecision/solution1/.autopilot/db/topfunc.pp.0.cpp:19766:17: note: FIX-IT applied suggested code changes
/home/arthur/ChuaFinitePrecision/ChuaFinitePrecision/solution1/.autopilot/db/topfunc.pp.0.cpp:19770:17: warning: Added loop label VITIS_LOOP_2230_3:   [xilinx-label-all-loops]
                for(int j=I; j>=0; j--) {
                ^~~
                VITIS_LOOP_2230_3: 
/home/arthur/ChuaFinitePrecision/ChuaFinitePrecision/solution1/.autopilot/db/topfunc.pp.0.cpp:19770:17: note: FIX-IT applied suggested code changes
/home/arthur/ChuaFinitePrecision/ChuaFinitePrecision/solution1/.autopilot/db/topfunc.pp.0.cpp:19817:13: warning: Added loop label VITIS_LOOP_2277_4:   [xilinx-label-all-loops]
            for(int j=7; j>=3+I; j--) {
            ^~~
            VITIS_LOOP_2277_4: 
/home/arthur/ChuaFinitePrecision/ChuaFinitePrecision/solution1/.autopilot/db/topfunc.pp.0.cpp:19817:13: note: FIX-IT applied suggested code changes
/home/arthur/ChuaFinitePrecision/ChuaFinitePrecision/solution1/.autopilot/db/topfunc.pp.0.cpp:19824:17: warning: Added loop label VITIS_LOOP_2284_5:   [xilinx-label-all-loops]
                for(int j=7; j>=3+I; j--) {
                ^~~
                VITIS_LOOP_2284_5: 
/home/arthur/ChuaFinitePrecision/ChuaFinitePrecision/solution1/.autopilot/db/topfunc.pp.0.cpp:19824:17: note: FIX-IT applied suggested code changes
/home/arthur/ChuaFinitePrecision/ChuaFinitePrecision/solution1/.autopilot/db/topfunc.pp.0.cpp:19828:17: warning: Added loop label VITIS_LOOP_2288_6:   [xilinx-label-all-loops]
                for(int j=I+2; j>=0; j--) {
                ^~~
                VITIS_LOOP_2288_6: 
/home/arthur/ChuaFinitePrecision/ChuaFinitePrecision/solution1/.autopilot/db/topfunc.pp.0.cpp:19828:17: note: FIX-IT applied suggested code changes
/home/arthur/ChuaFinitePrecision/ChuaFinitePrecision/solution1/.autopilot/db/topfunc.pp.0.cpp:19846:9: warning: Added loop label VITIS_LOOP_2306_7:   [xilinx-label-all-loops]
        for(int j=11; j<16; j++) {
        ^~~
        VITIS_LOOP_2306_7: 
/home/arthur/ChuaFinitePrecision/ChuaFinitePrecision/solution1/.autopilot/db/topfunc.pp.0.cpp:19846:9: note: FIX-IT applied suggested code changes
/home/arthur/ChuaFinitePrecision/ChuaFinitePrecision/solution1/.autopilot/db/topfunc.pp.0.cpp:19901:13: warning: Added loop label VITIS_LOOP_2361_8:   [xilinx-label-all-loops]
            for(int j=15; j>=7+I; j--) {
            ^~~
            VITIS_LOOP_2361_8: 
/home/arthur/ChuaFinitePrecision/ChuaFinitePrecision/solution1/.autopilot/db/topfunc.pp.0.cpp:19901:13: note: FIX-IT applied suggested code changes
/home/arthur/ChuaFinitePrecision/ChuaFinitePrecision/solution1/.autopilot/db/topfunc.pp.0.cpp:19908:17: warning: Added loop label VITIS_LOOP_2368_9:   [xilinx-label-all-loops]
                for(int j=15; j>=7+I; j--) {
                ^~~
                VITIS_LOOP_2368_9: 
/home/arthur/ChuaFinitePrecision/ChuaFinitePrecision/solution1/.autopilot/db/topfunc.pp.0.cpp:19908:17: note: FIX-IT applied suggested code changes
/home/arthur/ChuaFinitePrecision/ChuaFinitePrecision/solution1/.autopilot/db/topfunc.pp.0.cpp:19912:17: warning: Added loop label VITIS_LOOP_2372_10:   [xilinx-label-all-loops]
                for(int j=6+I; j>=0; j--) {
                ^~~
                VITIS_LOOP_2372_10: 
/home/arthur/ChuaFinitePrecision/ChuaFinitePrecision/solution1/.autopilot/db/topfunc.pp.0.cpp:19912:17: note: FIX-IT applied suggested code changes
/home/arthur/ChuaFinitePrecision/ChuaFinitePrecision/solution1/.autopilot/db/topfunc.pp.0.cpp:19930:9: warning: Added loop label VITIS_LOOP_2390_11:   [xilinx-label-all-loops]
        for(int j=20; j<32; j++) {
        ^~~
        VITIS_LOOP_2390_11: 
/home/arthur/ChuaFinitePrecision/ChuaFinitePrecision/solution1/.autopilot/db/topfunc.pp.0.cpp:19930:9: note: FIX-IT applied suggested code changes
/home/arthur/ChuaFinitePrecision/ChuaFinitePrecision/solution1/.autopilot/db/topfunc.pp.0.cpp:20019:13: warning: Added loop label VITIS_LOOP_2479_12:   [xilinx-label-all-loops]
            for(int j=31; j>=I+15; j--) {
            ^~~
            VITIS_LOOP_2479_12: 
/home/arthur/ChuaFinitePrecision/ChuaFinitePrecision/solution1/.autopilot/db/topfunc.pp.0.cpp:20019:13: note: FIX-IT applied suggested code changes
/home/arthur/ChuaFinitePrecision/ChuaFinitePrecision/solution1/.autopilot/db/topfunc.pp.0.cpp:20026:17: warning: Added loop label VITIS_LOOP_2486_13:   [xilinx-label-all-loops]
                for(int j=31; j>=I+15; j--) {
                ^~~
                VITIS_LOOP_2486_13: 
/home/arthur/ChuaFinitePrecision/ChuaFinitePrecision/solution1/.autopilot/db/topfunc.pp.0.cpp:20026:17: note: FIX-IT applied suggested code changes
/home/arthur/ChuaFinitePrecision/ChuaFinitePrecision/solution1/.autopilot/db/topfunc.pp.0.cpp:20030:17: warning: Added loop label VITIS_LOOP_2490_14:   [xilinx-label-all-loops]
                for(int j=I+14; j>=0; j--) {
                ^~~
                VITIS_LOOP_2490_14: 
/home/arthur/ChuaFinitePrecision/ChuaFinitePrecision/solution1/.autopilot/db/topfunc.pp.0.cpp:20030:17: note: FIX-IT applied suggested code changes
/home/arthur/ChuaFinitePrecision/ChuaFinitePrecision/solution1/.autopilot/db/topfunc.pp.0.cpp:20040:9: warning: Added loop label VITIS_LOOP_2500_15:   [xilinx-label-all-loops]
        for(int j=32-F; j<32+I; j++) {
        ^~~
        VITIS_LOOP_2500_15: 
/home/arthur/ChuaFinitePrecision/ChuaFinitePrecision/solution1/.autopilot/db/topfunc.pp.0.cpp:20040:9: note: FIX-IT applied suggested code changes
/home/arthur/ChuaFinitePrecision/ChuaFinitePrecision/solution1/.autopilot/db/topfunc.pp.0.cpp:20044:9: warning: Added loop label VITIS_LOOP_2504_16:   [xilinx-label-all-loops]
        for(int j=32+I; j<=64; j++) {
        ^~~
        VITIS_LOOP_2504_16: 
/home/arthur/ChuaFinitePrecision/ChuaFinitePrecision/solution1/.autopilot/db/topfunc.pp.0.cpp:20044:9: note: FIX-IT applied suggested code changes
/home/arthur/ChuaFinitePrecision/ChuaFinitePrecision/solution1/.autopilot/db/topfunc.pp.0.cpp:20055:9: warning: Added loop label VITIS_LOOP_2515_17:   [xilinx-label-all-loops]
        for(int j=37; j<64; j++) {
        ^~~
        VITIS_LOOP_2515_17: 
/home/arthur/ChuaFinitePrecision/ChuaFinitePrecision/solution1/.autopilot/db/topfunc.pp.0.cpp:20055:9: note: FIX-IT applied suggested code changes
/home/arthur/ChuaFinitePrecision/ChuaFinitePrecision/solution1/.autopilot/db/topfunc.pp.0.cpp:20063:17: warning: Added loop label VITIS_LOOP_2523_18:   [xilinx-label-all-loops]
                for(int j=0; j<64; j++) {
                ^~~
                VITIS_LOOP_2523_18: 
/home/arthur/ChuaFinitePrecision/ChuaFinitePrecision/solution1/.autopilot/db/topfunc.pp.0.cpp:20063:17: note: FIX-IT applied suggested code changes
/home/arthur/ChuaFinitePrecision/ChuaFinitePrecision/solution1/.autopilot/db/topfunc.pp.0.cpp:20388:13: warning: Added loop label VITIS_LOOP_2848_19:   [xilinx-label-all-loops]
            for(int j=63; j>=I+31; j--) {
            ^~~
            VITIS_LOOP_2848_19: 
/home/arthur/ChuaFinitePrecision/ChuaFinitePrecision/solution1/.autopilot/db/topfunc.pp.0.cpp:20388:13: note: FIX-IT applied suggested code changes
/home/arthur/ChuaFinitePrecision/ChuaFinitePrecision/solution1/.autopilot/db/topfunc.pp.0.cpp:20395:17: warning: Added loop label VITIS_LOOP_2855_20:   [xilinx-label-all-loops]
                for(int j=63; j>=I+31; j--) {
                ^~~
                VITIS_LOOP_2855_20: 
/home/arthur/ChuaFinitePrecision/ChuaFinitePrecision/solution1/.autopilot/db/topfunc.pp.0.cpp:20395:17: note: FIX-IT applied suggested code changes
/home/arthur/ChuaFinitePrecision/ChuaFinitePrecision/solution1/.autopilot/db/topfunc.pp.0.cpp:20399:17: warning: Added loop label VITIS_LOOP_2859_21:   [xilinx-label-all-loops]
                for(int j=I+30; j>=0; j--) {
                ^~~
                VITIS_LOOP_2859_21: 
/home/arthur/ChuaFinitePrecision/ChuaFinitePrecision/solution1/.autopilot/db/topfunc.pp.0.cpp:20399:17: note: FIX-IT applied suggested code changes
/home/arthur/ChuaFinitePrecision/ChuaFinitePrecision/solution1/.autopilot/db/topfunc.pp.0.cpp:20487:4: warning: Added loop label VITIS_LOOP_2947_1:   [xilinx-label-all-loops]
   for(int j = 5; j>=I_+2; j--) {
   ^~~
   VITIS_LOOP_2947_1: 
/home/arthur/ChuaFinitePrecision/ChuaFinitePrecision/solution1/.autopilot/db/topfunc.pp.0.cpp:20487:4: note: FIX-IT applied suggested code changes
/home/arthur/ChuaFinitePrecision/ChuaFinitePrecision/solution1/.autopilot/db/topfunc.pp.0.cpp:20494:5: warning: Added loop label VITIS_LOOP_2954_2:   [xilinx-label-all-loops]
    for(int j = 5; j>=I_+2; j--) {
    ^~~
    VITIS_LOOP_2954_2: 
/home/arthur/ChuaFinitePrecision/ChuaFinitePrecision/solution1/.autopilot/db/topfunc.pp.0.cpp:20494:5: note: FIX-IT applied suggested code changes
/home/arthur/ChuaFinitePrecision/ChuaFinitePrecision/solution1/.autopilot/db/topfunc.pp.0.cpp:20498:5: warning: Added loop label VITIS_LOOP_2958_3:   [xilinx-label-all-loops]
    for(int j = I_+1; j>=0; j--) {
    ^~~
    VITIS_LOOP_2958_3: 
/home/arthur/ChuaFinitePrecision/ChuaFinitePrecision/solution1/.autopilot/db/topfunc.pp.0.cpp:20498:5: note: FIX-IT applied suggested code changes
/home/arthur/ChuaFinitePrecision/ChuaFinitePrecision/solution1/.autopilot/db/topfunc.pp.0.cpp:20513:3: warning: Added loop label VITIS_LOOP_2973_4:   [xilinx-label-all-loops]
  for(int j = 11; j >=7; j--) {
  ^~~
  VITIS_LOOP_2973_4: 
/home/arthur/ChuaFinitePrecision/ChuaFinitePrecision/solution1/.autopilot/db/topfunc.pp.0.cpp:20513:3: note: FIX-IT applied suggested code changes
/home/arthur/ChuaFinitePrecision/ChuaFinitePrecision/solution1/.autopilot/db/topfunc.pp.0.cpp:20545:4: warning: Added loop label VITIS_LOOP_3005_5:   [xilinx-label-all-loops]
   for(int j = 11; j >= I_+5; j--) {
   ^~~
   VITIS_LOOP_3005_5: 
/home/arthur/ChuaFinitePrecision/ChuaFinitePrecision/solution1/.autopilot/db/topfunc.pp.0.cpp:20545:4: note: FIX-IT applied suggested code changes
/home/arthur/ChuaFinitePrecision/ChuaFinitePrecision/solution1/.autopilot/db/topfunc.pp.0.cpp:20552:5: warning: Added loop label VITIS_LOOP_3012_6:   [xilinx-label-all-loops]
    for(int j = 11; j>= I_+5; j--) {
    ^~~
    VITIS_LOOP_3012_6: 
/home/arthur/ChuaFinitePrecision/ChuaFinitePrecision/solution1/.autopilot/db/topfunc.pp.0.cpp:20552:5: note: FIX-IT applied suggested code changes
/home/arthur/ChuaFinitePrecision/ChuaFinitePrecision/solution1/.autopilot/db/topfunc.pp.0.cpp:20556:5: warning: Added loop label VITIS_LOOP_3016_7:   [xilinx-label-all-loops]
    for(int j = I_+4; j>=0; j--) {
    ^~~
    VITIS_LOOP_3016_7: 
/home/arthur/ChuaFinitePrecision/ChuaFinitePrecision/solution1/.autopilot/db/topfunc.pp.0.cpp:20556:5: note: FIX-IT applied suggested code changes
/home/arthur/ChuaFinitePrecision/ChuaFinitePrecision/solution1/.autopilot/db/topfunc.pp.0.cpp:20571:3: warning: Added loop label VITIS_LOOP_3031_8:   [xilinx-label-all-loops]
  for(int j = 25; j>=15; j--) {
  ^~~
  VITIS_LOOP_3031_8: 
/home/arthur/ChuaFinitePrecision/ChuaFinitePrecision/solution1/.autopilot/db/topfunc.pp.0.cpp:20571:3: note: FIX-IT applied suggested code changes
/home/arthur/ChuaFinitePrecision/ChuaFinitePrecision/solution1/.autopilot/db/topfunc.pp.0.cpp:20621:4: warning: Added loop label VITIS_LOOP_3081_9:   [xilinx-label-all-loops]
   for(int j = 25; j>= I_+12; j--) {
   ^~~
   VITIS_LOOP_3081_9: 
/home/arthur/ChuaFinitePrecision/ChuaFinitePrecision/solution1/.autopilot/db/topfunc.pp.0.cpp:20621:4: note: FIX-IT applied suggested code changes
/home/arthur/ChuaFinitePrecision/ChuaFinitePrecision/solution1/.autopilot/db/topfunc.pp.0.cpp:20628:5: warning: Added loop label VITIS_LOOP_3088_10:   [xilinx-label-all-loops]
    for(int j = 25; j>=I_+12; j--) {
    ^~~
    VITIS_LOOP_3088_10: 
/home/arthur/ChuaFinitePrecision/ChuaFinitePrecision/solution1/.autopilot/db/topfunc.pp.0.cpp:20628:5: note: FIX-IT applied suggested code changes
/home/arthur/ChuaFinitePrecision/ChuaFinitePrecision/solution1/.autopilot/db/topfunc.pp.0.cpp:20632:5: warning: Added loop label VITIS_LOOP_3092_11:   [xilinx-label-all-loops]
    for(int j = I_+11; j>=0; j--) {
    ^~~
    VITIS_LOOP_3092_11: 
/home/arthur/ChuaFinitePrecision/ChuaFinitePrecision/solution1/.autopilot/db/topfunc.pp.0.cpp:20632:5: note: FIX-IT applied suggested code changes
/home/arthur/ChuaFinitePrecision/ChuaFinitePrecision/solution1/.autopilot/db/topfunc.pp.0.cpp:20647:3: warning: Added loop label VITIS_LOOP_3107_12:   [xilinx-label-all-loops]
  for(int j = 51; j >= 29; j--) {
  ^~~
  VITIS_LOOP_3107_12: 
/home/arthur/ChuaFinitePrecision/ChuaFinitePrecision/solution1/.autopilot/db/topfunc.pp.0.cpp:20647:3: note: FIX-IT applied suggested code changes
/home/arthur/ChuaFinitePrecision/ChuaFinitePrecision/solution1/.autopilot/db/topfunc.pp.0.cpp:20784:4: warning: Added loop label VITIS_LOOP_3244_13:   [xilinx-label-all-loops]
   for(int j = 51; j >= 25 + I_; j--) {
   ^~~
   VITIS_LOOP_3244_13: 
/home/arthur/ChuaFinitePrecision/ChuaFinitePrecision/solution1/.autopilot/db/topfunc.pp.0.cpp:20784:4: note: FIX-IT applied suggested code changes
/home/arthur/ChuaFinitePrecision/ChuaFinitePrecision/solution1/.autopilot/db/topfunc.pp.0.cpp:20791:5: warning: Added loop label VITIS_LOOP_3251_14:   [xilinx-label-all-loops]
    for(int j = 51; j>=25 + I_; j--) {
    ^~~
    VITIS_LOOP_3251_14: 
/home/arthur/ChuaFinitePrecision/ChuaFinitePrecision/solution1/.autopilot/db/topfunc.pp.0.cpp:20791:5: note: FIX-IT applied suggested code changes
/home/arthur/ChuaFinitePrecision/ChuaFinitePrecision/solution1/.autopilot/db/topfunc.pp.0.cpp:20795:5: warning: Added loop label VITIS_LOOP_3255_15:   [xilinx-label-all-loops]
    for(int j = 24 + I_; j >= 0; j--) {
    ^~~
    VITIS_LOOP_3255_15: 
/home/arthur/ChuaFinitePrecision/ChuaFinitePrecision/solution1/.autopilot/db/topfunc.pp.0.cpp:20795:5: note: FIX-IT applied suggested code changes
/home/arthur/ChuaFinitePrecision/ChuaFinitePrecision/solution1/.autopilot/db/topfunc.pp.0.cpp:20810:3: warning: Added loop label VITIS_LOOP_3270_16:   [xilinx-label-all-loops]
  for(int j = 63; j >= 36; j--) {
  ^~~
  VITIS_LOOP_3270_16: 
/home/arthur/ChuaFinitePrecision/ChuaFinitePrecision/solution1/.autopilot/db/topfunc.pp.0.cpp:20810:3: note: FIX-IT applied suggested code changes
/home/arthur/ChuaFinitePrecision/ChuaFinitePrecision/solution1/.autopilot/db/topfunc.pp.0.cpp:20970:4: warning: Added loop label VITIS_LOOP_3430_17:   [xilinx-label-all-loops]
   for(int j = 63; j >= 31 + I_; j--) {
   ^~~
   VITIS_LOOP_3430_17: 
/home/arthur/ChuaFinitePrecision/ChuaFinitePrecision/solution1/.autopilot/db/topfunc.pp.0.cpp:20970:4: note: FIX-IT applied suggested code changes
/home/arthur/ChuaFinitePrecision/ChuaFinitePrecision/solution1/.autopilot/db/topfunc.pp.0.cpp:20977:5: warning: Added loop label VITIS_LOOP_3437_18:   [xilinx-label-all-loops]
    for(int j = 63; j >= 31 + I_; j--) {
    ^~~
    VITIS_LOOP_3437_18: 
/home/arthur/ChuaFinitePrecision/ChuaFinitePrecision/solution1/.autopilot/db/topfunc.pp.0.cpp:20977:5: note: FIX-IT applied suggested code changes
/home/arthur/ChuaFinitePrecision/ChuaFinitePrecision/solution1/.autopilot/db/topfunc.pp.0.cpp:20981:5: warning: Added loop label VITIS_LOOP_3441_19:   [xilinx-label-all-loops]
    for(int j = 30 + I_; j >= 0; j--) {
    ^~~
    VITIS_LOOP_3441_19: 
/home/arthur/ChuaFinitePrecision/ChuaFinitePrecision/solution1/.autopilot/db/topfunc.pp.0.cpp:20981:5: note: FIX-IT applied suggested code changes
/home/arthur/ChuaFinitePrecision/ChuaFinitePrecision/solution1/.autopilot/db/topfunc.pp.0.cpp:21696:13: warning: Added loop label VITIS_LOOP_729_1:   [xilinx-label-all-loops]
            for (b_exp = I_-1; b_exp >= -F_; b_exp--) {
            ^~~
            VITIS_LOOP_729_1: 
/home/arthur/ChuaFinitePrecision/ChuaFinitePrecision/solution1/.autopilot/db/topfunc.pp.0.cpp:21696:13: note: FIX-IT applied suggested code changes
/home/arthur/ChuaFinitePrecision/ChuaFinitePrecision/solution1/.autopilot/db/topfunc.pp.0.cpp:21914:13: warning: Added loop label VITIS_LOOP_947_1:   [xilinx-label-all-loops]
            for (b_exp = I_-1; b_exp >= -F_; b_exp--) {
            ^~~
            VITIS_LOOP_947_1: 
/home/arthur/ChuaFinitePrecision/ChuaFinitePrecision/solution1/.autopilot/db/topfunc.pp.0.cpp:21914:13: note: FIX-IT applied suggested code changes
/home/arthur/ChuaFinitePrecision/ChuaFinitePrecision/solution1/.autopilot/db/topfunc.pp.0.cpp:22331:13: warning: Added loop label VITIS_LOOP_1371_1:   [xilinx-label-all-loops]
            for (b_exp = I_-1; b_exp >= -F_; b_exp--) {
            ^~~
            VITIS_LOOP_1371_1: 
/home/arthur/ChuaFinitePrecision/ChuaFinitePrecision/solution1/.autopilot/db/topfunc.pp.0.cpp:22331:13: note: FIX-IT applied suggested code changes
/home/arthur/ChuaFinitePrecision/ChuaFinitePrecision/solution1/.autopilot/db/topfunc.pp.0.cpp:22645:9: warning: Added loop label VITIS_LOOP_266_1:   [xilinx-label-all-loops]
        for ( int pos = msbr-1; pos >= 0; pos-- ) {
        ^~~
        VITIS_LOOP_266_1: 
/home/arthur/ChuaFinitePrecision/ChuaFinitePrecision/solution1/.autopilot/db/topfunc.pp.0.cpp:22645:9: note: FIX-IT applied suggested code changes
/home/arthur/ChuaFinitePrecision/ChuaFinitePrecision/solution1/.autopilot/db/topfunc.pp.0.cpp:22673:9: warning: Added loop label VITIS_LOOP_294_2:   [xilinx-label-all-loops]
        for ( int pos = -1; pos >= -F_-1; pos-- ) {
        ^~~
        VITIS_LOOP_294_2: 
/home/arthur/ChuaFinitePrecision/ChuaFinitePrecision/solution1/.autopilot/db/topfunc.pp.0.cpp:22673:9: note: FIX-IT applied suggested code changes
/home/arthur/ChuaFinitePrecision/ChuaFinitePrecision/solution1/.autopilot/db/topfunc.pp.0.cpp:23368:13: warning: Added loop label VITIS_LOOP_74_1:   [xilinx-label-all-loops]
            for (int j = 0; j < W_-1; j++){
            ^~~
            VITIS_LOOP_74_1: 
/home/arthur/ChuaFinitePrecision/ChuaFinitePrecision/solution1/.autopilot/db/topfunc.pp.0.cpp:23368:13: note: FIX-IT applied suggested code changes
/home/arthur/ChuaFinitePrecision/ChuaFinitePrecision/solution1/.autopilot/db/topfunc.pp.0.cpp:23421:5: warning: Added loop label VITIS_LOOP_135_2:   [xilinx-label-all-loops]
    for (int j = F_l+F_+I_m-1; j < F_l+W_+5; j++){
    ^~~
    VITIS_LOOP_135_2: 
/home/arthur/ChuaFinitePrecision/ChuaFinitePrecision/solution1/.autopilot/db/topfunc.pp.0.cpp:23421:5: note: FIX-IT applied suggested code changes
/home/arthur/ChuaFinitePrecision/ChuaFinitePrecision/solution1/.autopilot/db/topfunc.pp.0.cpp:23435:13: warning: Added loop label VITIS_LOOP_149_3:   [xilinx-label-all-loops]
            for (int j = WO_m-1; j >= W_-1; j--) {
            ^~~
            VITIS_LOOP_149_3: 
/home/arthur/ChuaFinitePrecision/ChuaFinitePrecision/solution1/.autopilot/db/topfunc.pp.0.cpp:23435:13: note: FIX-IT applied suggested code changes
/home/arthur/ChuaFinitePrecision/ChuaFinitePrecision/solution1/.autopilot/db/topfunc.pp.0.cpp:23465:13: warning: Added loop label VITIS_LOOP_179_4:   [xilinx-label-all-loops]
            for (int j = W_-2; j >= 0; j--){
            ^~~
            VITIS_LOOP_179_4: 
/home/arthur/ChuaFinitePrecision/ChuaFinitePrecision/solution1/.autopilot/db/topfunc.pp.0.cpp:23465:13: note: FIX-IT applied suggested code changes
/home/arthur/ChuaFinitePrecision/ChuaFinitePrecision/solution1/.autopilot/db/topfunc.pp.0.cpp:23550:12: warning: Added loop label VITIS_LOOP_307_1:   [xilinx-label-all-loops]
           for(int i = wf_log+we_log-2; i > WI_e - 2; --i) {
           ^~~
           VITIS_LOOP_307_1: 
/home/arthur/ChuaFinitePrecision/ChuaFinitePrecision/solution1/.autopilot/db/topfunc.pp.0.cpp:23550:12: note: FIX-IT applied suggested code changes
/home/arthur/ChuaFinitePrecision/ChuaFinitePrecision/solution1/.autopilot/db/topfunc.pp.0.cpp:23570:16: warning: Added loop label VITIS_LOOP_327_2:   [xilinx-label-all-loops]
               for (int j = WO_e-1; j >= W_-1; j--) {
               ^~~
               VITIS_LOOP_327_2: 
/home/arthur/ChuaFinitePrecision/ChuaFinitePrecision/solution1/.autopilot/db/topfunc.pp.0.cpp:23570:16: note: FIX-IT applied suggested code changes
/home/arthur/ChuaFinitePrecision/ChuaFinitePrecision/solution1/.autopilot/db/topfunc.pp.0.cpp:23584:20: warning: Added loop label VITIS_LOOP_341_3:   [xilinx-label-all-loops]
                   for(int i = 0; i < W_-1; ++i) {
                   ^~~
                   VITIS_LOOP_341_3: 
/home/arthur/ChuaFinitePrecision/ChuaFinitePrecision/solution1/.autopilot/db/topfunc.pp.0.cpp:23584:20: note: FIX-IT applied suggested code changes
/home/arthur/ChuaFinitePrecision/ChuaFinitePrecision/solution1/.autopilot/db/topfunc.pp.0.cpp:23677:12: warning: Added loop label VITIS_LOOP_459_1:   [xilinx-label-all-loops]
           for (int j =WO_d-1; j >= W_-1; j--) {
           ^~~
           VITIS_LOOP_459_1: 
/home/arthur/ChuaFinitePrecision/ChuaFinitePrecision/solution1/.autopilot/db/topfunc.pp.0.cpp:23677:12: note: FIX-IT applied suggested code changes
/home/arthur/ChuaFinitePrecision/ChuaFinitePrecision/solution1/.autopilot/db/topfunc.pp.0.cpp:23691:15: warning: Added loop label VITIS_LOOP_473_2:   [xilinx-label-all-loops]
              for(int i = 0; i < W_-1; ++i) {
              ^~~
              VITIS_LOOP_473_2: 
/home/arthur/ChuaFinitePrecision/ChuaFinitePrecision/solution1/.autopilot/db/topfunc.pp.0.cpp:23691:15: note: FIX-IT applied suggested code changes
/home/arthur/ChuaFinitePrecision/ChuaFinitePrecision/solution1/.autopilot/db/topfunc.pp.0.cpp:23804:13: warning: Added loop label VITIS_LOOP_59_1:   [xilinx-label-all-loops]
            for (int i = 0; i < W_-1; i++){
            ^~~
            VITIS_LOOP_59_1: 
/home/arthur/ChuaFinitePrecision/ChuaFinitePrecision/solution1/.autopilot/db/topfunc.pp.0.cpp:23804:13: note: FIX-IT applied suggested code changes
/home/arthur/ChuaFinitePrecision/ChuaFinitePrecision/solution1/.autopilot/db/topfunc.pp.0.cpp:23928:13: warning: Added loop label VITIS_LOOP_209_1:   [xilinx-label-all-loops]
            for (int i = 0; i < W_-1; i++){
            ^~~
            VITIS_LOOP_209_1: 
/home/arthur/ChuaFinitePrecision/ChuaFinitePrecision/solution1/.autopilot/db/topfunc.pp.0.cpp:23928:13: note: FIX-IT applied suggested code changes
/home/arthur/ChuaFinitePrecision/ChuaFinitePrecision/solution1/.autopilot/db/topfunc.pp.0.cpp:23983:13: warning: Added loop label VITIS_LOOP_274_1:   [xilinx-label-all-loops]
            for (int i = 0; i < W_-1; i++){
            ^~~
            VITIS_LOOP_274_1: 
/home/arthur/ChuaFinitePrecision/ChuaFinitePrecision/solution1/.autopilot/db/topfunc.pp.0.cpp:23983:13: note: FIX-IT applied suggested code changes
/home/arthur/ChuaFinitePrecision/ChuaFinitePrecision/solution1/.autopilot/db/topfunc.pp.0.cpp:24488:2: warning: Added loop label VITIS_LOOP_42_1:   [xilinx-label-all-loops]
 for (int i=0; i<W_;i++)
 ^~~
 VITIS_LOOP_42_1: 
/home/arthur/ChuaFinitePrecision/ChuaFinitePrecision/solution1/.autopilot/db/topfunc.pp.0.cpp:24488:2: note: FIX-IT applied suggested code changes
/home/arthur/ChuaFinitePrecision/ChuaFinitePrecision/solution1/.autopilot/db/topfunc.pp.0.cpp:24499:2: warning: Added loop label VITIS_LOOP_53_1:   [xilinx-label-all-loops]
 for (int i=0; i<W_;i++)
 ^~~
 VITIS_LOOP_53_1: 
/home/arthur/ChuaFinitePrecision/ChuaFinitePrecision/solution1/.autopilot/db/topfunc.pp.0.cpp:24499:2: note: FIX-IT applied suggested code changes
/home/arthur/ChuaFinitePrecision/ChuaFinitePrecision/solution1/.autopilot/db/topfunc.pp.0.cpp:24510:2: warning: Added loop label VITIS_LOOP_64_1:   [xilinx-label-all-loops]
 for (int i=0; i<I_;i++)
 ^~~
 VITIS_LOOP_64_1: 
/home/arthur/ChuaFinitePrecision/ChuaFinitePrecision/solution1/.autopilot/db/topfunc.pp.0.cpp:24510:2: note: FIX-IT applied suggested code changes
/home/arthur/ChuaFinitePrecision/ChuaFinitePrecision/solution1/.autopilot/db/topfunc.pp.0.cpp:24521:2: warning: Added loop label VITIS_LOOP_75_1:   [xilinx-label-all-loops]
 for (int i=0; i<I_;i++)
 ^~~
 VITIS_LOOP_75_1: 
/home/arthur/ChuaFinitePrecision/ChuaFinitePrecision/solution1/.autopilot/db/topfunc.pp.0.cpp:24521:2: note: FIX-IT applied suggested code changes
/home/arthur/ChuaFinitePrecision/ChuaFinitePrecision/solution1/.autopilot/db/topfunc.pp.0.cpp:24532:2: warning: Added loop label VITIS_LOOP_86_1:   [xilinx-label-all-loops]
 for (int i=0; i<W_;i++)
 ^~~
 VITIS_LOOP_86_1: 
/home/arthur/ChuaFinitePrecision/ChuaFinitePrecision/solution1/.autopilot/db/topfunc.pp.0.cpp:24532:2: note: FIX-IT applied suggested code changes
/home/arthur/ChuaFinitePrecision/ChuaFinitePrecision/solution1/.autopilot/db/topfunc.pp.0.cpp:24543:2: warning: Added loop label VITIS_LOOP_97_1:   [xilinx-label-all-loops]
 for (int i=0; i<W_;i++)
 ^~~
 VITIS_LOOP_97_1: 
/home/arthur/ChuaFinitePrecision/ChuaFinitePrecision/solution1/.autopilot/db/topfunc.pp.0.cpp:24543:2: note: FIX-IT applied suggested code changes
/home/arthur/ChuaFinitePrecision/ChuaFinitePrecision/solution1/.autopilot/db/topfunc.pp.0.cpp:24554:2: warning: Added loop label VITIS_LOOP_108_1:   [xilinx-label-all-loops]
 for (int i=0; i<I_;i++)
 ^~~
 VITIS_LOOP_108_1: 
/home/arthur/ChuaFinitePrecision/ChuaFinitePrecision/solution1/.autopilot/db/topfunc.pp.0.cpp:24554:2: note: FIX-IT applied suggested code changes
/home/arthur/ChuaFinitePrecision/ChuaFinitePrecision/solution1/.autopilot/db/topfunc.pp.0.cpp:24565:2: warning: Added loop label VITIS_LOOP_119_1:   [xilinx-label-all-loops]
 for (int i=0; i<I_;i++)
 ^~~
 VITIS_LOOP_119_1: 
/home/arthur/ChuaFinitePrecision/ChuaFinitePrecision/solution1/.autopilot/db/topfunc.pp.0.cpp:24565:2: note: FIX-IT applied suggested code changes
/home/arthur/ChuaFinitePrecision/ChuaFinitePrecision/solution1/.autopilot/db/topfunc.pp.0.cpp:26866:12: warning: Added loop label VITIS_LOOP_23_1:   [xilinx-label-all-loops]
           for(int i = 0; i < W_-1; ++i) {
           ^~~
           VITIS_LOOP_23_1: 
/home/arthur/ChuaFinitePrecision/ChuaFinitePrecision/solution1/.autopilot/db/topfunc.pp.0.cpp:26866:12: note: FIX-IT applied suggested code changes
/home/arthur/ChuaFinitePrecision/ChuaFinitePrecision/solution1/.autopilot/db/topfunc.pp.0.cpp:26930:7: warning: Added loop label VITIS_LOOP_66_1:   [xilinx-label-all-loops]
      for(int pos = msbr - 1 ; pos >= -F-1; pos--) {
      ^~~
      VITIS_LOOP_66_1: 
/home/arthur/ChuaFinitePrecision/ChuaFinitePrecision/solution1/.autopilot/db/topfunc.pp.0.cpp:26930:7: note: FIX-IT applied suggested code changes
/home/arthur/ChuaFinitePrecision/ChuaFinitePrecision/solution1/.autopilot/db/topfunc.pp.0.cpp:27047:9: warning: Added loop label VITIS_LOOP_75_1:   [xilinx-label-all-loops]
        for(int pos = msbr - 1; pos >= 0; pos--) {
        ^~~
        VITIS_LOOP_75_1: 
/home/arthur/ChuaFinitePrecision/ChuaFinitePrecision/solution1/.autopilot/db/topfunc.pp.0.cpp:27047:9: note: FIX-IT applied suggested code changes
/home/arthur/ChuaFinitePrecision/ChuaFinitePrecision/solution1/.autopilot/db/topfunc.pp.0.cpp:27072:5: warning: Added loop label VITIS_LOOP_107_2:   [xilinx-label-all-loops]
    for(int pos = -1; pos >= -F-1; pos--) {
    ^~~
    VITIS_LOOP_107_2: 
/home/arthur/ChuaFinitePrecision/ChuaFinitePrecision/solution1/.autopilot/db/topfunc.pp.0.cpp:27072:5: note: FIX-IT applied suggested code changes
/home/arthur/ChuaFinitePrecision/ChuaFinitePrecision/solution1/.autopilot/db/topfunc.pp.0.cpp:27142:8: warning: Added loop label VITIS_LOOP_195_3:   [xilinx-label-all-loops]
       for(int i = 0; i < W - 1; ++i) {
       ^~~
       VITIS_LOOP_195_3: 
/home/arthur/ChuaFinitePrecision/ChuaFinitePrecision/solution1/.autopilot/db/topfunc.pp.0.cpp:27142:8: note: FIX-IT applied suggested code changes
/home/arthur/ChuaFinitePrecision/ChuaFinitePrecision/solution1/.autopilot/db/topfunc.pp.0.cpp:30738:1: warning: Added loop label VITIS_LOOP_74_1:   [xilinx-label-all-loops]
for (int i = 0;i<Iterations;i++){
^~~
VITIS_LOOP_74_1: 
/home/arthur/ChuaFinitePrecision/ChuaFinitePrecision/solution1/.autopilot/db/topfunc.pp.0.cpp:30738:1: note: FIX-IT applied suggested code changes
