==============================================================
Vitis HLS - High-Level Synthesis from C, C++ and OpenCL v2023.1 (64-bit)
Tool Version Limit: 2023.05
Copyright 1986-2022 Xilinx, Inc. All Rights Reserved.
Copyright 2022-2023 Advanced Micro Devices, Inc. All Rights Reserved.

==============================================================
INFO: [HLS 200-1505] Using flow_target 'vivado'
INFO: [HLS 200-1510] Running: set_part xczu7ev-ffvc1156-2-e 
INFO: [HLS 200-1611] Setting target device to 'xczu7ev-ffvc1156-2-e'
INFO: [HLS 200-1510] Running: create_clock -period 11 -name default 
INFO: [SYN 201-201] Setting up clock 'default' with a period of 11ns.
INFO: [HLS 200-1510] Running: csim_design -argv 11 
INFO: [SIM 211-2] *************** CSIM start ***************
INFO: [SIM 211-4] CSIM will launch GCC as the compiler.
INFO: [HLS 200-2036] Building debug C Simulation binaries
INFO: [SIM 211-1] CSim done with 0 errors.
INFO: [SIM 211-3] *************** CSIM finish ***************
INFO: [HLS 200-111] Finished Command csim_design CPU user time: 19.13 seconds. CPU system time: 0.86 seconds. Elapsed time: 20.64 seconds; current allocated memory: 0.141 MB.
INFO: [HLS 200-1510] Running: csynth_design 
INFO: [HLS 200-111] Finished File checks and directory preparation: CPU user time: 0.07 seconds. CPU system time: 0.02 seconds. Elapsed time: 0.08 seconds; current allocated memory: 190.324 MB.
INFO: [HLS 200-10] Analyzing design file 'codes/topfunc.cpp' ... 
INFO: [HLS 200-111] Finished Source Code Analysis and Preprocessing: CPU user time: 23.05 seconds. CPU system time: 1.15 seconds. Elapsed time: 24.26 seconds; current allocated memory: 196.578 MB.
INFO: [HLS 200-777] Using interface defaults for 'Vivado' flow target.
INFO: [HLS 200-1995] There were 1,652 instructions in the design after the 'Compile/Link' phase of compilation. See the Design Size Report for more details: /home/arthur/ChuaFinitePrecision/ChuaFinitePrecision/solution1/syn/report/csynth_design_size.rpt
INFO: [HLS 200-1995] There were 477 instructions in the design after the 'Unroll/Inline' phase of compilation. See the Design Size Report for more details: /home/arthur/ChuaFinitePrecision/ChuaFinitePrecision/solution1/syn/report/csynth_design_size.rpt
INFO: [HLS 200-1995] There were 353 instructions in the design after the 'Performance/Pipeline' phase of compilation. See the Design Size Report for more details: /home/arthur/ChuaFinitePrecision/ChuaFinitePrecision/solution1/syn/report/csynth_design_size.rpt
INFO: [HLS 200-1995] There were 364 instructions in the design after the 'Optimizations' phase of compilation. See the Design Size Report for more details: /home/arthur/ChuaFinitePrecision/ChuaFinitePrecision/solution1/syn/report/csynth_design_size.rpt
INFO: [HLS 214-178] Inlining function 'fp_struct<float>::data() const' into 'fp_struct<float>::to_float() const' (/wrk/ci/prod/2023.1/hls_product/continuous/1026/2023.1/src/shared/hls/clib/src/hls/utils/x_hls_utils.h:351:0)
INFO: [HLS 214-178] Inlining function 'fp_struct<float>::to_float() const' into 'fp_struct<float>::to_ieee() const' (/wrk/ci/prod/2023.1/hls_product/continuous/1026/2023.1/src/shared/hls/clib/src/hls/utils/x_hls_utils.h:375:0)
INFO: [HLS 214-178] Inlining function 'fp_struct<float>::fp_struct(float)' into 'float generic_copysign<float>(float, float)' (/wrk/ci/prod/2023.1/hls_product/continuous/1026/2023.1/src/shared/hls/clib/hlsmath/include/FloatingPoint/hls_copysign.h:10:0)
INFO: [HLS 214-178] Inlining function 'fp_struct<float>::to_ieee() const' into 'float generic_copysign<float>(float, float)' (/wrk/ci/prod/2023.1/hls_product/continuous/1026/2023.1/src/shared/hls/clib/hlsmath/include/FloatingPoint/hls_copysign.h:10:0)
INFO: [HLS 214-178] Inlining function 'float generic_copysign<float>(float, float)' into 'float generic_fabs<float>(float)' (/wrk/ci/prod/2023.1/hls_product/continuous/1026/2023.1/src/shared/hls/clib/hlsmath/include/FloatingPoint/hls_fabs.h:12:0)
INFO: [HLS 214-178] Inlining function 'float generic_fabs<float>(float)' into 'fabsf' (/wrk/ci/prod/2023.1/hls_product/continuous/1026/2023.1/src/shared/hls/clib/hlsmath/src/c/fabsfloat.cpp:7:0)
INFO: [HLS 214-178] Inlining function 'fabsf' into 'RK4_LBE(hls::stream<hls::axis<ap_int<32>, 1ul, 1ul, 1ul>, 0>&, unsigned int)' (codes/topfunc.cpp:10:0)
INFO: [HLS 200-111] Finished Compiling Optimization and Transform: CPU user time: 3.55 seconds. CPU system time: 0.4 seconds. Elapsed time: 7.99 seconds; current allocated memory: 197.020 MB.
INFO: [HLS 200-111] Finished Checking Pragmas: CPU user time: 0 seconds. CPU system time: 0 seconds. Elapsed time: 0 seconds; current allocated memory: 197.020 MB.
INFO: [HLS 200-10] Starting code transformations ...
INFO: [HLS 200-111] Finished Standard Transforms: CPU user time: 0.01 seconds. CPU system time: 0 seconds. Elapsed time: 0.02 seconds; current allocated memory: 198.203 MB.
INFO: [HLS 200-10] Checking synthesizability ...
INFO: [HLS 200-111] Finished Checking Synthesizability: CPU user time: 0.02 seconds. CPU system time: 0 seconds. Elapsed time: 0.02 seconds; current allocated memory: 199.734 MB.
INFO: [XFORM 203-401] Performing if-conversion on hyperblock from (codes/topfunc.cpp:29:14) to (codes/topfunc.cpp:74:18) in function 'RK4_LBE'... converting 25 basic blocks.
INFO: [HLS 200-111] Finished Loop, function and other optimizations: CPU user time: 0.06 seconds. CPU system time: 0 seconds. Elapsed time: 0.07 seconds; current allocated memory: 223.824 MB.
INFO: [HLS 200-111] Finished Architecture Synthesis: CPU user time: 0.04 seconds. CPU system time: 0 seconds. Elapsed time: 0.04 seconds; current allocated memory: 224.074 MB.
INFO: [HLS 200-10] Starting hardware synthesis ...
INFO: [HLS 200-10] Synthesizing 'RK4_LBE' ...
INFO: [HLS 200-10] ----------------------------------------------------------------
INFO: [HLS 200-42] -- Implementing module 'RK4_LBE' 
INFO: [HLS 200-10] ----------------------------------------------------------------
INFO: [SCHED 204-11] Starting scheduling ...
INFO: [SCHED 204-11] Finished scheduling.
INFO: [HLS 200-111] Finished Scheduling: CPU user time: 3.74 seconds. CPU system time: 0.02 seconds. Elapsed time: 3.76 seconds; current allocated memory: 224.074 MB.
INFO: [BIND 205-100] Starting micro-architecture generation ...
INFO: [BIND 205-101] Performing variable lifetime analysis.
INFO: [BIND 205-101] Exploring resource sharing.
INFO: [BIND 205-101] Binding ...
INFO: [BIND 205-100] Finished micro-architecture generation.
INFO: [HLS 200-111] Finished Binding: CPU user time: 1.57 seconds. CPU system time: 0 seconds. Elapsed time: 1.58 seconds; current allocated memory: 224.074 MB.
INFO: [HLS 200-10] ----------------------------------------------------------------
INFO: [HLS 200-10] -- Generating RTL for module 'RK4_LBE' 
INFO: [HLS 200-10] ----------------------------------------------------------------
WARNING: [RTGEN 206-101] Design contains AXI ports. Reset is fixed to synchronous and active low.
INFO: [RTGEN 206-500] Setting interface mode on port 'RK4_LBE/output_stream_V_data_V' to 'axis' (register, both mode).
INFO: [RTGEN 206-500] Setting interface mode on port 'RK4_LBE/output_stream_V_keep_V' to 'axis' (register, both mode).
INFO: [RTGEN 206-500] Setting interface mode on port 'RK4_LBE/output_stream_V_strb_V' to 'axis' (register, both mode).
INFO: [RTGEN 206-500] Setting interface mode on port 'RK4_LBE/output_stream_V_user_V' to 'axis' (register, both mode).
INFO: [RTGEN 206-500] Setting interface mode on port 'RK4_LBE/output_stream_V_last_V' to 'axis' (register, both mode).
INFO: [RTGEN 206-500] Setting interface mode on port 'RK4_LBE/output_stream_V_id_V' to 'axis' (register, both mode).
INFO: [RTGEN 206-500] Setting interface mode on port 'RK4_LBE/output_stream_V_dest_V' to 'axis' (register, both mode).
INFO: [RTGEN 206-500] Setting interface mode on port 'RK4_LBE/media' to 's_axilite & ap_none'.
INFO: [RTGEN 206-500] Setting interface mode on function 'RK4_LBE' to 's_axilite & ap_ctrl_hs'.
INFO: [RTGEN 206-100] Bundling port 'media' and 'return' to AXI-Lite port CTRL.
INFO: [RTGEN 206-100] Generating core module 'dadd_64ns_64ns_64_5_full_dsp_1': 8 instance(s).
INFO: [RTGEN 206-100] Generating core module 'dmul_64ns_64ns_64_5_max_dsp_1': 8 instance(s).
INFO: [RTGEN 206-100] Generating core module 'faddfsub_32ns_32ns_32_4_full_dsp_1': 4 instance(s).
INFO: [RTGEN 206-100] Generating core module 'fcmp_32ns_32ns_1_2_no_dsp_1': 4 instance(s).
INFO: [RTGEN 206-100] Generating core module 'fdiv_32ns_32ns_32_9_no_dsp_1': 3 instance(s).
INFO: [RTGEN 206-100] Generating core module 'flog_32ns_32ns_32_9_full_dsp_1': 1 instance(s).
INFO: [RTGEN 206-100] Generating core module 'fmul_32ns_32ns_32_3_max_dsp_1': 4 instance(s).
INFO: [RTGEN 206-100] Generating core module 'fpext_32ns_64_2_no_dsp_1': 4 instance(s).
INFO: [RTGEN 206-100] Generating core module 'fptrunc_64ns_32_2_no_dsp_1': 4 instance(s).
INFO: [RTGEN 206-100] Generating core module 'fsub_32ns_32ns_32_4_full_dsp_1': 1 instance(s).
INFO: [RTGEN 206-100] Finished creating RTL model for 'RK4_LBE'.
INFO: [HLS 200-111] Finished Creating RTL model: CPU user time: 0.36 seconds. CPU system time: 0.01 seconds. Elapsed time: 0.44 seconds; current allocated memory: 225.430 MB.
INFO: [HLS 200-111] Finished Generating all RTL models: CPU user time: 0.68 seconds. CPU system time: 0.03 seconds. Elapsed time: 0.71 seconds; current allocated memory: 235.531 MB.
INFO: [HLS 200-111] Finished Updating report files: CPU user time: 0.41 seconds. CPU system time: 0.03 seconds. Elapsed time: 0.44 seconds; current allocated memory: 242.273 MB.
INFO: [VHDL 208-304] Generating VHDL RTL for RK4_LBE.
INFO: [VLOG 209-307] Generating Verilog RTL for RK4_LBE.
INFO: [HLS 200-790] **** Loop Constraint Status: All loop constraints were satisfied.
INFO: [HLS 200-789] **** Estimated Fmax: 125.63 MHz
INFO: [HLS 200-111] Finished Command csynth_design CPU user time: 33.61 seconds. CPU system time: 1.66 seconds. Elapsed time: 39.41 seconds; current allocated memory: 52.297 MB.
INFO: [HLS 200-1510] Running: export_design -rtl verilog -format ip_catalog -output hw/ip_repo/ 
INFO: [IMPL 213-8] Exporting RTL as a Vivado IP.
INFO: [HLS 200-802] Generated output file hw/ip_repo/export.zip
INFO: [HLS 200-111] Finished Command export_design CPU user time: 21.94 seconds. CPU system time: 1.72 seconds. Elapsed time: 48.47 seconds; current allocated memory: 5.648 MB.
